#
# There is insufficient memory for the Java Runtime Environment to continue.
# Native memory allocation (malloc) failed to allocate 88080384 bytes for committing reserved memory.
# Possible reasons:
#   The system is out of physical RAM or swap space
#   In 32 bit mode, the process size limit was hit
# Possible solutions:
#   Reduce memory load on the system
#   Increase physical memory or swap space
#   Check if swap backing store is full
#   Use 64 bit Java on a 64 bit OS
#   Decrease Java heap size (-Xmx/-Xms)
#   Decrease number of Java threads
#   Decrease Java thread stack sizes (-Xss)
#   Set larger code cache with -XX:ReservedCodeCacheSize=
# This output file may be truncated or incomplete.
#
#  Out of Memory Error (os_linux.cpp:2798), pid=6122, tid=140262977820416
#
# JRE version: OpenJDK Runtime Environment (7.0_65-b32) (build 1.7.0_65-b32)
# Java VM: OpenJDK 64-Bit Server VM (24.65-b04 mixed mode linux-amd64 compressed oops)
# Derivative: IcedTea 2.5.3
# Distribution: Ubuntu 14.04 LTS, package 7u71-2.5.3-0ubuntu0.14.04.1
# Failed to write core dump. Core dumps have been disabled. To enable core dumping, try "ulimit -c unlimited" before starting Java again
#

---------------  T H R E A D  ---------------

Current thread (0x00007f918c075800):  VMThread [stack: 0x00007f9184e7d000,0x00007f9184f7e000] [id=6163]

Stack: [0x00007f9184e7d000,0x00007f9184f7e000],  sp=0x00007f9184f7c490,  free space=1021k
Native frames: (J=compiled Java code, j=interpreted, Vv=VM code, C=native code)
V  [libjvm.so+0x948b05]  VMError::report_and_die()+0x175
V  [libjvm.so+0x48bc34]  report_vm_out_of_memory(char const*, int, unsigned long, char const*)+0x74
V  [libjvm.so+0x7c7bfb]  os::pd_commit_memory(char*, unsigned long, unsigned long, bool)+0xeb
V  [libjvm.so+0x7c26bf]  os::commit_memory(char*, unsigned long, unsigned long, bool)+0x1f
V  [libjvm.so+0x833e4b]  PSVirtualSpace::expand_by(unsigned long)+0x5b
V  [libjvm.so+0x834ca0]  PSYoungGen::resize_generation(unsigned long, unsigned long)+0xb0
V  [libjvm.so+0x83538b]  PSYoungGen::resize(unsigned long, unsigned long)+0x1b
V  [libjvm.so+0x831670]  PSScavenge::invoke_no_policy()+0xde0
V  [libjvm.so+0x831e48]  PSScavenge::invoke()+0x38
V  [libjvm.so+0x7e8823]  ParallelScavengeHeap::failed_mem_allocate(unsigned long)+0x63
V  [libjvm.so+0x94a504]  VM_ParallelGCFailedAllocation::doit()+0x84
V  [libjvm.so+0x94e9f7]  VM_Operation::evaluate()+0x47
V  [libjvm.so+0x94d368]  VMThread::evaluate_operation(VM_Operation*)+0x318
V  [libjvm.so+0x94d7c9]  VMThread::loop()+0x219
V  [libjvm.so+0x94dc12]  VMThread::run()+0x72
V  [libjvm.so+0x7c4ac2]  java_start(Thread*)+0xf2

VM_Operation (0x00007f919366cd20): ParallelGCFailedAllocation, mode: safepoint, requested by thread 0x00007f918c00a800


---------------  P R O C E S S  ---------------

Java Threads: ( => current thread )
  0x00007f918c0b0800 JavaThread "Service Thread" daemon [_thread_blocked, id=6181, stack(0x00007f91845ae000,0x00007f91846af000)]
  0x00007f918c0ae800 JavaThread "C2 CompilerThread1" daemon [_thread_blocked, id=6179, stack(0x00007f91846af000,0x00007f91847b0000)]
  0x00007f918c0ab800 JavaThread "C2 CompilerThread0" daemon [_thread_blocked, id=6177, stack(0x00007f91847b0000,0x00007f91848b1000)]
  0x00007f918c0a9800 JavaThread "Signal Dispatcher" daemon [_thread_blocked, id=6175, stack(0x00007f91848b1000,0x00007f91849b2000)]
  0x00007f918c07c000 JavaThread "Finalizer" daemon [_thread_blocked, id=6168, stack(0x00007f9184c7b000,0x00007f9184d7c000)]
  0x00007f918c07a000 JavaThread "Reference Handler" daemon [_thread_blocked, id=6166, stack(0x00007f9184d7c000,0x00007f9184e7d000)]
  0x00007f918c00a800 JavaThread "main" [_thread_blocked, id=6143, stack(0x00007f919356e000,0x00007f919366f000)]

Other Threads:
=>0x00007f918c075800 VMThread [stack: 0x00007f9184e7d000,0x00007f9184f7e000] [id=6163]
  0x00007f918c0bb800 WatcherThread [stack: 0x00007f91844ad000,0x00007f91845ae000] [id=6183]

VM state:at safepoint (normal execution)

VM Mutex/Monitor currently owned by a thread:  ([mutex/lock_event])
[0x00007f918c006ab0] Threads_lock - owner thread: 0x00007f918c075800
[0x00007f918c006fb0] Heap_lock - owner thread: 0x00007f918c00a800

Heap
 PSYoungGen      total 66048K, used 2533K [0x00000000eaa80000, 0x00000000eed80000, 0x0000000100000000)
  eden space 63488K, 0% used [0x00000000eaa80000,0x00000000eaa80000,0x00000000ee880000)
  from space 2560K, 98% used [0x00000000ee880000,0x00000000eeaf94d0,0x00000000eeb00000)
  to   space 2560K, 0% used [0x00000000eeb00000,0x00000000eeb00000,0x00000000eed80000)
 ParOldGen       total 40960K, used 23885K [0x00000000c0000000, 0x00000000c2800000, 0x00000000eaa80000)
  object space 40960K, 58% used [0x00000000c0000000,0x00000000c1753720,0x00000000c2800000)
 PSPermGen       total 21504K, used 5897K [0x00000000b5a00000, 0x00000000b6f00000, 0x00000000c0000000)
  object space 21504K, 27% used [0x00000000b5a00000,0x00000000b5fc25e8,0x00000000b6f00000)

Card table byte_map: [0x00007f9188dac000,0x00007f9189000000] byte_map_base: 0x00007f91887ff000

Polling page: 0x00007f9193696000

Code Cache  [0x00007f9189000000, 0x00007f9189270000, 0x00007f918c000000)
 total_blobs=755 nmethods=528 adapters=181 free_code_cache=47080Kb largest_free_block=48166720

Compilation events (10 events):
Event: 7.025 Thread 0x00007f918c0ab800 nmethod 534 0x00007f9189200a90 code [0x00007f9189200bc0, 0x00007f9189200c18]
Event: 7.025 Thread 0x00007f918c0ab800  535             com.android.dx.cf.direct.DirectClassFile::getConstantPool (9 bytes)
Event: 7.027 Thread 0x00007f918c0ab800 nmethod 535 0x00007f9189200810 code [0x00007f9189200960, 0x00007f91892009e8]
Event: 7.027 Thread 0x00007f918c0ab800  536             com.android.dx.cf.code.BaseMachine::auxCstArg (20 bytes)
Event: 7.027 Thread 0x00007f918c0ab800 nmethod 536 0x00007f91892005d0 code [0x00007f9189200700, 0x00007f9189200798]
Event: 7.027 Thread 0x00007f918c0ab800  537             com.android.dx.cf.code.Frame::getSubroutines (5 bytes)
Event: 7.027 Thread 0x00007f918c0ab800 nmethod 537 0x00007f9189206150 code [0x00007f9189206280, 0x00007f91892062d8]
Event: 7.027 Thread 0x00007f918c0ab800  538             com.android.dx.ssa.back.FirstFitLocalCombiningAllocator::getAlignment (32 bytes)
Event: 7.028 Thread 0x00007f918c0ab800 nmethod 538 0x00007f9189207890 code [0x00007f91892079c0, 0x00007f9189207a38]
Event: 7.028 Thread 0x00007f918c0ab800  539             com.android.dx.cf.code.BasicBlocker::visitConstant (39 bytes)

GC Heap History (9 events):
Event: 1.137 GC heap before
{Heap before GC invocations=1 (full 0):
 PSYoungGen      total 18432K, used 15872K [0x00000000eaa80000, 0x00000000ebf00000, 0x0000000100000000)
  eden space 15872K, 100% used [0x00000000eaa80000,0x00000000eba00000,0x00000000eba00000)
  from space 2560K, 0% used [0x00000000ebc80000,0x00000000ebc80000,0x00000000ebf00000)
  to   space 2560K, 0% used [0x00000000eba00000,0x00000000eba00000,0x00000000ebc80000)
 ParOldGen       total 40960K, used 0K [0x00000000c0000000, 0x00000000c2800000, 0x00000000eaa80000)
  object space 40960K, 0% used [0x00000000c0000000,0x00000000c0000000,0x00000000c2800000)
 PSPermGen       total 21504K, used 5565K [0x00000000b5a00000, 0x00000000b6f00000, 0x00000000c0000000)
  object space 21504K, 25% used [0x00000000b5a00000,0x00000000b5f6f5d8,0x00000000b6f00000)
Event: 1.177 GC heap after
Heap after GC invocations=1 (full 0):
 PSYoungGen      total 18432K, used 2529K [0x00000000eaa80000, 0x00000000ece80000, 0x0000000100000000)
  eden space 15872K, 0% used [0x00000000eaa80000,0x00000000eaa80000,0x00000000eba00000)
  from space 2560K, 98% used [0x00000000eba00000,0x00000000ebc78550,0x00000000ebc80000)
  to   space 2560K, 0% used [0x00000000ecc00000,0x00000000ecc00000,0x00000000ece80000)
 ParOldGen       total 40960K, used 1225K [0x00000000c0000000, 0x00000000c2800000, 0x00000000eaa80000)
  object space 40960K, 2% used [0x00000000c0000000,0x00000000c01324d0,0x00000000c2800000)
 PSPermGen       total 21504K, used 5565K [0x00000000b5a00000, 0x00000000b6f00000, 0x00000000c0000000)
  object space 21504K, 25% used [0x00000000b5a00000,0x00000000b5f6f5d8,0x00000000b6f00000)
}
Event: 2.124 GC heap before
{Heap before GC invocations=2 (full 0):
 PSYoungGen      total 18432K, used 18401K [0x00000000eaa80000, 0x00000000ece80000, 0x0000000100000000)
  eden space 15872K, 100% used [0x00000000eaa80000,0x00000000eba00000,0x00000000eba00000)
  from space 2560K, 98% used [0x00000000eba00000,0x00000000ebc78550,0x00000000ebc80000)
  to   space 2560K, 0% used [0x00000000ecc00000,0x00000000ecc00000,0x00000000ece80000)
 ParOldGen       total 40960K, used 1225K [0x00000000c0000000, 0x00000000c2800000, 0x00000000eaa80000)
  object space 40960K, 2% used [0x00000000c0000000,0x00000000c01324d0,0x00000000c2800000)
 PSPermGen       total 21504K, used 5741K [0x00000000b5a00000, 0x00000000b6f00000, 0x00000000c0000000)
  object space 21504K, 26% used [0x00000000b5a00000,0x00000000b5f9b488,0x00000000b6f00000)
Event: 2.356 GC heap after
Heap after GC invocations=2 (full 0):
 PSYoungGen      total 34304K, used 2551K [0x00000000eaa80000, 0x00000000ece80000, 0x0000000100000000)
  eden space 31744K, 0% used [0x00000000eaa80000,0x00000000eaa80000,0x00000000ec980000)
  from space 2560K, 99% used [0x00000000ecc00000,0x00000000ece7dc88,0x00000000ece80000)
  to   space 2560K, 0% used [0x00000000ec980000,0x00000000ec980000,0x00000000ecc00000)
 ParOldGen       total 40960K, used 3213K [0x00000000c0000000, 0x00000000c2800000, 0x00000000eaa80000)
  object space 40960K, 7% used [0x00000000c0000000,0x00000000c0323700,0x00000000c2800000)
 PSPermGen       total 21504K, used 5741K [0x00000000b5a00000, 0x00000000b6f00000, 0x00000000c0000000)
  object space 21504K, 26% used [0x00000000b5a00000,0x00000000b5f9b488,0x00000000b6f00000)
}
Event: 4.083 GC heap before
{Heap before GC invocations=3 (full 0):
 PSYoungGen      total 34304K, used 34295K [0x00000000eaa80000, 0x00000000ece80000, 0x0000000100000000)
  eden space 31744K, 100% used [0x00000000eaa80000,0x00000000ec980000,0x00000000ec980000)
  from space 2560K, 99% used [0x00000000ecc00000,0x00000000ece7dc88,0x00000000ece80000)
  to   space 2560K, 0% used [0x00000000ec980000,0x00000000ec980000,0x00000000ecc00000)
 ParOldGen       total 40960K, used 3213K [0x00000000c0000000, 0x00000000c2800000, 0x00000000eaa80000)
  object space 40960K, 7% used [0x00000000c0000000,0x00000000c0323700,0x00000000c2800000)
 PSPermGen       total 21504K, used 5828K [0x00000000b5a00000, 0x00000000b6f00000, 0x00000000c0000000)
  object space 21504K, 27% used [0x00000000b5a00000,0x00000000b5fb10e0,0x00000000b6f00000)
Event: 4.123 GC heap after
Heap after GC invocations=3 (full 0):
 PSYoungGen      total 34304K, used 2534K [0x00000000eaa80000, 0x00000000eed80000, 0x0000000100000000)
  eden space 31744K, 0% used [0x00000000eaa80000,0x00000000eaa80000,0x00000000ec980000)
  from space 2560K, 98% used [0x00000000ec980000,0x00000000ecbf98e8,0x00000000ecc00000)
  to   space 2560K, 0% used [0x00000000eeb00000,0x00000000eeb00000,0x00000000eed80000)
 ParOldGen       total 40960K, used 7817K [0x00000000c0000000, 0x00000000c2800000, 0x00000000eaa80000)
  object space 40960K, 19% used [0x00000000c0000000,0x00000000c07a24d8,0x00000000c2800000)
 PSPermGen       total 21504K, used 5828K [0x00000000b5a00000, 0x00000000b6f00000, 0x00000000c0000000)
  object space 21504K, 27% used [0x00000000b5a00000,0x00000000b5fb10e0,0x00000000b6f00000)
}
Event: 5.188 GC heap before
{Heap before GC invocations=4 (full 0):
 PSYoungGen      total 34304K, used 34278K [0x00000000eaa80000, 0x00000000eed80000, 0x0000000100000000)
  eden space 31744K, 100% used [0x00000000eaa80000,0x00000000ec980000,0x00000000ec980000)
  from space 2560K, 98% used [0x00000000ec980000,0x00000000ecbf98e8,0x00000000ecc00000)
  to   space 2560K, 0% used [0x00000000eeb00000,0x00000000eeb00000,0x00000000eed80000)
 ParOldGen       total 40960K, used 7817K [0x00000000c0000000, 0x00000000c2800000, 0x00000000eaa80000)
  object space 40960K, 19% used [0x00000000c0000000,0x00000000c07a24d8,0x00000000c2800000)
 PSPermGen       total 21504K, used 5856K [0x00000000b5a00000, 0x00000000b6f00000, 0x00000000c0000000)
  object space 21504K, 27% used [0x00000000b5a00000,0x00000000b5fb8398,0x00000000b6f00000)
Event: 5.237 GC heap after
Heap after GC invocations=4 (full 0):
 PSYoungGen      total 66048K, used 2549K [0x00000000eaa80000, 0x00000000eed80000, 0x0000000100000000)
  eden space 63488K, 0% used [0x00000000eaa80000,0x00000000eaa80000,0x00000000ee880000)
  from space 2560K, 99% used [0x00000000eeb00000,0x00000000eed7d550,0x00000000eed80000)
  to   space 2560K, 0% used [0x00000000ee880000,0x00000000ee880000,0x00000000eeb00000)
 ParOldGen       total 40960K, used 12855K [0x00000000c0000000, 0x00000000c2800000, 0x00000000eaa80000)
  object space 40960K, 31% used [0x00000000c0000000,0x00000000c0c8dec0,0x00000000c2800000)
 PSPermGen       total 21504K, used 5856K [0x00000000b5a00000, 0x00000000b6f00000, 0x00000000c0000000)
  object space 21504K, 27% used [0x00000000b5a00000,0x00000000b5fb8398,0x00000000b6f00000)
}
Event: 7.060 GC heap before
{Heap before GC invocations=5 (full 0):
 PSYoungGen      total 66048K, used 66037K [0x00000000eaa80000, 0x00000000eed80000, 0x0000000100000000)
  eden space 63488K, 100% used [0x00000000eaa80000,0x00000000ee880000,0x00000000ee880000)
  from space 2560K, 99% used [0x00000000eeb00000,0x00000000eed7d550,0x00000000eed80000)
  to   space 2560K, 0% used [0x00000000ee880000,0x00000000ee880000,0x00000000eeb00000)
 ParOldGen       total 40960K, used 12855K [0x00000000c0000000, 0x00000000c2800000, 0x00000000eaa80000)
  object space 40960K, 31% used [0x00000000c0000000,0x00000000c0c8dec0,0x00000000c2800000)
 PSPermGen       total 21504K, used 5897K [0x00000000b5a00000, 0x00000000b6f00000, 0x00000000c0000000)
  object space 21504K, 27% used [0x00000000b5a00000,0x00000000b5fc25e8,0x00000000b6f00000)

Deoptimization events (10 events):
Event: 4.493 Thread 0x00007f918c00a800 Uncommon trap: reason=bimorphic action=maybe_recompile pc=0x00007f918912b1a0 method=com.android.dx.ssa.LiteralOpUpgrader.tryReplacingWithConstant(Lcom/android/dx/ssa/NormalSsaInsn;)Z @ 62
Event: 4.539 Thread 0x00007f918c00a800 Uncommon trap: reason=unreached action=reinterpret pc=0x00007f91890ed96c method=com.android.dx.rop.code.LocalVariableExtractor.processBlock(I)V @ 195
Event: 5.106 Thread 0x00007f918c00a800 Uncommon trap: reason=class_check action=maybe_recompile pc=0x00007f9189118d3c method=com.android.dx.cf.code.Ropper.processBlock(Lcom/android/dx/cf/code/ByteBlock;Lcom/android/dx/cf/code/Frame;[I)V @ 777
Event: 5.133 Thread 0x00007f918c00a800 Uncommon trap: reason=class_check action=maybe_recompile pc=0x00007f9189118d3c method=com.android.dx.cf.code.Ropper.processBlock(Lcom/android/dx/cf/code/ByteBlock;Lcom/android/dx/cf/code/Frame;[I)V @ 777
Event: 6.170 Thread 0x00007f918c00a800 Uncommon trap: reason=null_check action=make_not_entrant pc=0x00007f91891ca0ac method=com.android.dx.dex.file.FieldIdsSection.intern(Lcom/android/dx/rop/cst/CstFieldRef;)Lcom/android/dx/dex/file/FieldIdItem; @ 26
Event: 6.704 Thread 0x00007f918c00a800 Uncommon trap: reason=bimorphic action=maybe_recompile pc=0x00007f9189146a74 method=com.android.dx.cf.code.BytecodeArray.parseInstruction(ILcom/android/dx/cf/code/BytecodeArray$Visitor;)I @ 971
Event: 6.704 Thread 0x00007f918c00a800 Uncommon trap: reason=bimorphic action=maybe_recompile pc=0x00007f9189146af0 method=com.android.dx.cf.code.BytecodeArray.parseInstruction(ILcom/android/dx/cf/code/BytecodeArray$Visitor;)I @ 987
Event: 6.704 Thread 0x00007f918c00a800 Uncommon trap: reason=bimorphic action=maybe_recompile pc=0x00007f9189146a74 method=com.android.dx.cf.code.BytecodeArray.parseInstruction(ILcom/android/dx/cf/code/BytecodeArray$Visitor;)I @ 971
Event: 6.704 Thread 0x00007f918c00a800 Uncommon trap: reason=bimorphic action=maybe_recompile pc=0x00007f9189146af0 method=com.android.dx.cf.code.BytecodeArray.parseInstruction(ILcom/android/dx/cf/code/BytecodeArray$Visitor;)I @ 987
Event: 6.909 Thread 0x00007f918c00a800 Uncommon trap: reason=unreached action=reinterpret pc=0x00007f91890ba164 method=com.android.dx.cf.code.Merger.mergeLocals(Lcom/android/dx/cf/code/OneLocalsArray;Lcom/android/dx/cf/code/OneLocalsArray;)Lcom/android/dx/cf/code/OneLocalsArray; @ 2

Internal exceptions (10 events):
Event: 2.115 Thread 0x00007f918c00a800 Implicit null exception at 0x00007f91890e9053 to 0x00007f91890e977d
Event: 2.443 Thread 0x00007f918c00a800 Threw 0x00000000eabf4c68 at /build/buildd/openjdk-7-7u71-2.5.3/build/openjdk/hotspot/src/share/vm/prims/jvm.cpp:1284
Event: 2.443 Thread 0x00007f918c00a800 Threw 0x00000000eabf7ae0 at /build/buildd/openjdk-7-7u71-2.5.3/build/openjdk/hotspot/src/share/vm/prims/jvm.cpp:1284
Event: 2.446 Thread 0x00007f918c00a800 Threw 0x00000000eac1f208 at /build/buildd/openjdk-7-7u71-2.5.3/build/openjdk/hotspot/src/share/vm/prims/jvm.cpp:1284
Event: 2.447 Thread 0x00007f918c00a800 Threw 0x00000000eac251f0 at /build/buildd/openjdk-7-7u71-2.5.3/build/openjdk/hotspot/src/share/vm/prims/jvm.cpp:1284
Event: 2.447 Thread 0x00007f918c00a800 Threw 0x00000000eac2b030 at /build/buildd/openjdk-7-7u71-2.5.3/build/openjdk/hotspot/src/share/vm/prims/jvm.cpp:1284
Event: 2.818 Thread 0x00007f918c00a800 Threw 0x00000000eb404280 at /build/buildd/openjdk-7-7u71-2.5.3/build/openjdk/hotspot/src/share/vm/prims/jvm.cpp:1284
Event: 3.769 Thread 0x00007f918c00a800 Threw 0x00000000ec074c60 at /build/buildd/openjdk-7-7u71-2.5.3/build/openjdk/hotspot/src/share/vm/prims/jvm.cpp:1284
Event: 4.131 Thread 0x00007f918c00a800 Threw 0x00000000eaabbd90 at /build/buildd/openjdk-7-7u71-2.5.3/build/openjdk/hotspot/src/share/vm/prims/jvm.cpp:1284
Event: 4.797 Thread 0x00007f918c00a800 Threw 0x00000000ebdcf210 at /build/buildd/openjdk-7-7u71-2.5.3/build/openjdk/hotspot/src/share/vm/prims/jvm.cpp:1284

Events (10 events):
Event: 6.704 Thread 0x00007f918c00a800 Uncommon trap: trap_request=0xffffffc6 fr.pc=0x00007f9189146a74
Event: 6.704 Thread 0x00007f918c00a800 DEOPT PACKING pc=0x00007f9189146a74 sp=0x00007f919366ccf0
Event: 6.704 Thread 0x00007f918c00a800 DEOPT UNPACKING pc=0x00007f9189039045 sp=0x00007f919366ccb8 mode 2
Event: 6.704 Thread 0x00007f918c00a800 Uncommon trap: trap_request=0xffffffc6 fr.pc=0x00007f9189146af0
Event: 6.704 Thread 0x00007f918c00a800 DEOPT PACKING pc=0x00007f9189146af0 sp=0x00007f919366ccf0
Event: 6.704 Thread 0x00007f918c00a800 DEOPT UNPACKING pc=0x00007f9189039045 sp=0x00007f919366ccb8 mode 2
Event: 6.909 Thread 0x00007f918c00a800 Uncommon trap: trap_request=0xffffffad fr.pc=0x00007f91890ba164
Event: 6.909 Thread 0x00007f918c00a800 DEOPT PACKING pc=0x00007f91890ba164 sp=0x00007f919366ccf0
Event: 6.909 Thread 0x00007f918c00a800 DEOPT UNPACKING pc=0x00007f9189039045 sp=0x00007f919366ccc0 mode 2
Event: 7.059 Executing VM operation: ParallelGCFailedAllocation


Dynamic libraries:
00400000-00401000 r-xp 00000000 07:00 23789                              /usr/lib/jvm/java-7-openjdk-amd64/jre/bin/java
00600000-00601000 r--p 00000000 07:00 23789                              /usr/lib/jvm/java-7-openjdk-amd64/jre/bin/java
00601000-00602000 rw-p 00001000 07:00 23789                              /usr/lib/jvm/java-7-openjdk-amd64/jre/bin/java
0094d000-0096e000 rw-p 00000000 00:00 0                                  [heap]
b5a00000-b6f00000 rw-p 00000000 00:00 0 
b6f00000-c0000000 rw-p 00000000 00:00 0 
c0000000-c2800000 rw-p 00000000 00:00 0 
c2800000-eaa80000 rw-p 00000000 00:00 0 
eaa80000-eed80000 rw-p 00000000 00:00 0 
f4180000-100000000 rw-p 00000000 00:00 0 
7f9150000000-7f9150021000 rw-p 00000000 00:00 0 
7f9150021000-7f9154000000 ---p 00000000 00:00 0 
7f9156cac000-7f9156ce9000 r-xp 00000000 07:00 10135                      /lib/x86_64-linux-gnu/libpcre.so.3.13.1
7f9156ce9000-7f9156ee8000 ---p 0003d000 07:00 10135                      /lib/x86_64-linux-gnu/libpcre.so.3.13.1
7f9156ee8000-7f9156ee9000 r--p 0003c000 07:00 10135                      /lib/x86_64-linux-gnu/libpcre.so.3.13.1
7f9156ee9000-7f9156eea000 rw-p 0003d000 07:00 10135                      /lib/x86_64-linux-gnu/libpcre.so.3.13.1
7f9156eea000-7f9156ef1000 r-xp 00000000 07:00 50611                      /usr/lib/x86_64-linux-gnu/libffi.so.6.0.1
7f9156ef1000-7f91570f0000 ---p 00007000 07:00 50611                      /usr/lib/x86_64-linux-gnu/libffi.so.6.0.1
7f91570f0000-7f91570f1000 r--p 00006000 07:00 50611                      /usr/lib/x86_64-linux-gnu/libffi.so.6.0.1
7f91570f1000-7f91570f2000 rw-p 00007000 07:00 50611                      /usr/lib/x86_64-linux-gnu/libffi.so.6.0.1
7f91570f2000-7f9157109000 r-xp 00000000 07:00 10158                      /lib/x86_64-linux-gnu/libresolv-2.19.so
7f9157109000-7f9157309000 ---p 00017000 07:00 10158                      /lib/x86_64-linux-gnu/libresolv-2.19.so
7f9157309000-7f915730a000 r--p 00017000 07:00 10158                      /lib/x86_64-linux-gnu/libresolv-2.19.so
7f915730a000-7f915730b000 rw-p 00018000 07:00 10158                      /lib/x86_64-linux-gnu/libresolv-2.19.so
7f915730b000-7f915730d000 rw-p 00000000 00:00 0 
7f915730d000-7f915732d000 r-xp 00000000 07:00 10162                      /lib/x86_64-linux-gnu/libselinux.so.1
7f915732d000-7f915752c000 ---p 00020000 07:00 10162                      /lib/x86_64-linux-gnu/libselinux.so.1
7f915752c000-7f915752d000 r--p 0001f000 07:00 10162                      /lib/x86_64-linux-gnu/libselinux.so.1
7f915752d000-7f915752e000 rw-p 00020000 07:00 10162                      /lib/x86_64-linux-gnu/libselinux.so.1
7f915752e000-7f9157530000 rw-p 00000000 00:00 0 
7f9157530000-7f9157533000 r-xp 00000000 07:00 50763                      /usr/lib/x86_64-linux-gnu/libgmodule-2.0.so.0.4002.0
7f9157533000-7f9157732000 ---p 00003000 07:00 50763                      /usr/lib/x86_64-linux-gnu/libgmodule-2.0.so.0.4002.0
7f9157732000-7f9157733000 r--p 00002000 07:00 50763                      /usr/lib/x86_64-linux-gnu/libgmodule-2.0.so.0.4002.0
7f9157733000-7f9157734000 rw-p 00003000 07:00 50763                      /usr/lib/x86_64-linux-gnu/libgmodule-2.0.so.0.4002.0
7f9157734000-7f915783a000 r-xp 00000000 07:00 10062                      /lib/x86_64-linux-gnu/libglib-2.0.so.0.4002.0
7f915783a000-7f9157a39000 ---p 00106000 07:00 10062                      /lib/x86_64-linux-gnu/libglib-2.0.so.0.4002.0
7f9157a39000-7f9157a3a000 r--p 00105000 07:00 10062                      /lib/x86_64-linux-gnu/libglib-2.0.so.0.4002.0
7f9157a3a000-7f9157a3b000 rw-p 00106000 07:00 10062                      /lib/x86_64-linux-gnu/libglib-2.0.so.0.4002.0
7f9157a3b000-7f9157a3c000 rw-p 00000000 00:00 0 
7f9157a3c000-7f9157a8b000 r-xp 00000000 07:00 50795                      /usr/lib/x86_64-linux-gnu/libgobject-2.0.so.0.4002.0
7f9157a8b000-7f9157c8b000 ---p 0004f000 07:00 50795                      /usr/lib/x86_64-linux-gnu/libgobject-2.0.so.0.4002.0
7f9157c8b000-7f9157c8c000 r--p 0004f000 07:00 50795                      /usr/lib/x86_64-linux-gnu/libgobject-2.0.so.0.4002.0
7f9157c8c000-7f9157c8d000 rw-p 00050000 07:00 50795                      /usr/lib/x86_64-linux-gnu/libgobject-2.0.so.0.4002.0
7f9157c8d000-7f9157df9000 r-xp 00000000 07:00 50740                      /usr/lib/x86_64-linux-gnu/libgio-2.0.so.0.4002.0
7f9157df9000-7f9157ff8000 ---p 0016c000 07:00 50740                      /usr/lib/x86_64-linux-gnu/libgio-2.0.so.0.4002.0
7f9157ff8000-7f9157ffc000 r--p 0016b000 07:00 50740                      /usr/lib/x86_64-linux-gnu/libgio-2.0.so.0.4002.0
7f9157ffc000-7f9157ffe000 rw-p 0016f000 07:00 50740                      /usr/lib/x86_64-linux-gnu/libgio-2.0.so.0.4002.0
7f9157ffe000-7f9158000000 rw-p 00000000 00:00 0 
7f9158000000-7f9158d80000 rw-p 00000000 00:00 0 
7f9158d80000-7f915c000000 ---p 00000000 00:00 0 
7f915c000000-7f915c021000 rw-p 00000000 00:00 0 
7f915c021000-7f9160000000 ---p 00000000 00:00 0 
7f9160000000-7f9160021000 rw-p 00000000 00:00 0 
7f9160021000-7f9164000000 ---p 00000000 00:00 0 
7f9164000000-7f9164fd7000 rw-p 00000000 00:00 0 
7f9164fd7000-7f9168000000 ---p 00000000 00:00 0 
7f9168000000-7f9168021000 rw-p 00000000 00:00 0 
7f9168021000-7f916c000000 ---p 00000000 00:00 0 
7f916c000000-7f916c021000 rw-p 00000000 00:00 0 
7f916c021000-7f9170000000 ---p 00000000 00:00 0 
7f9170000000-7f9170021000 rw-p 00000000 00:00 0 
7f9170021000-7f9174000000 ---p 00000000 00:00 0 
7f9174000000-7f9174241000 rw-p 00000000 00:00 0 
7f9174241000-7f9178000000 ---p 00000000 00:00 0 
7f9178000000-7f9178021000 rw-p 00000000 00:00 0 
7f9178021000-7f917c000000 ---p 00000000 00:00 0 
7f917c000000-7f917c021000 rw-p 00000000 00:00 0 
7f917c021000-7f9180000000 ---p 00000000 00:00 0 
7f9180000000-7f9180021000 rw-p 00000000 00:00 0 
7f9180021000-7f9184000000 ---p 00000000 00:00 0 
7f9184026000-7f9184057000 rw-p 00000000 00:00 0 
7f918407a000-7f9184091000 r-xp 00000000 07:00 23837                      /usr/lib/jvm/java-7-openjdk-amd64/jre/lib/amd64/libnet.so
7f9184091000-7f9184290000 ---p 00017000 07:00 23837                      /usr/lib/jvm/java-7-openjdk-amd64/jre/lib/amd64/libnet.so
7f9184290000-7f9184291000 r--p 00016000 07:00 23837                      /usr/lib/jvm/java-7-openjdk-amd64/jre/lib/amd64/libnet.so
7f9184291000-7f9184292000 rw-p 00017000 07:00 23837                      /usr/lib/jvm/java-7-openjdk-amd64/jre/lib/amd64/libnet.so
7f9184292000-7f91842a2000 r-xp 00000000 07:00 23838                      /usr/lib/jvm/java-7-openjdk-amd64/jre/lib/amd64/libnio.so
7f91842a2000-7f91844a2000 ---p 00010000 07:00 23838                      /usr/lib/jvm/java-7-openjdk-amd64/jre/lib/amd64/libnio.so
7f91844a2000-7f91844a3000 r--p 00010000 07:00 23838                      /usr/lib/jvm/java-7-openjdk-amd64/jre/lib/amd64/libnio.so
7f91844a3000-7f91844a4000 rw-p 00011000 07:00 23838                      /usr/lib/jvm/java-7-openjdk-amd64/jre/lib/amd64/libnio.so
7f91844a4000-7f91844ad000 r--s 00073000 08:02 270623                     /home/student/AndroidStudioProjects/PlayMySong/app/build/intermediates/exploded-aar/com.android.support/appcompat-v7/21.0.3/classes.jar
7f91844ad000-7f91844ae000 ---p 00000000 00:00 0 
7f91844ae000-7f91845ae000 rw-p 00000000 00:00 0                          [stack:6183]
7f91845ae000-7f91845b1000 ---p 00000000 00:00 0 
7f91845b1000-7f91846af000 rw-p 00000000 00:00 0                          [stack:6181]
7f91846af000-7f91846b2000 ---p 00000000 00:00 0 
7f91846b2000-7f91847b0000 rw-p 00000000 00:00 0                          [stack:6179]
7f91847b0000-7f91847b3000 ---p 00000000 00:00 0 
7f91847b3000-7f91848b1000 rw-p 00000000 00:00 0                          [stack:6177]
7f91848b1000-7f91848b4000 ---p 00000000 00:00 0 
7f91848b4000-7f91849b2000 rw-p 00000000 00:00 0                          [stack:6175]
7f91849b2000-7f9184c7b000 r--p 00000000 07:00 28888                      /usr/lib/locale/locale-archive
7f9184c7b000-7f9184c7e000 ---p 00000000 00:00 0 
7f9184c7e000-7f9184d7c000 rw-p 00000000 00:00 0                          [stack:6168]
7f9184d7c000-7f9184d7f000 ---p 00000000 00:00 0 
7f9184d7f000-7f9184e7d000 rw-p 00000000 00:00 0                          [stack:6166]
7f9184e7d000-7f9184e7e000 ---p 00000000 00:00 0 
7f9184e7e000-7f9185f7b000 rw-p 00000000 00:00 0                          [stack:6163]
7f9185f7b000-7f918612c000 r--s 01d25000 07:00 23905                      /usr/lib/jvm/java-7-openjdk-amd64/jre/lib/rt.jar
7f918612c000-7f91889a8000 rw-p 00000000 00:00 0 
7f91889a8000-7f91889a9000 ---p 00000000 00:00 0 
7f91889a9000-7f9188aa9000 rw-p 00000000 00:00 0                          [stack:6153]
7f9188aa9000-7f9188aaa000 ---p 00000000 00:00 0 
7f9188aaa000-7f9188baa000 rw-p 00000000 00:00 0                          [stack:6152]
7f9188baa000-7f9188bab000 ---p 00000000 00:00 0 
7f9188bab000-7f9188cab000 rw-p 00000000 00:00 0                          [stack:6149]
7f9188cab000-7f9188cac000 ---p 00000000 00:00 0 
7f9188cac000-7f9188db7000 rw-p 00000000 00:00 0                          [stack:6148]
7f9188db7000-7f9188dff000 rw-p 00000000 00:00 0 
7f9188dff000-7f9188e13000 rw-p 00000000 00:00 0 
7f9188e13000-7f9188f54000 rw-p 00000000 00:00 0 
7f9188f54000-7f9188f76000 rw-p 00000000 00:00 0 
7f9188f76000-7f9188fff000 rw-p 00000000 00:00 0 
7f9188fff000-7f9189000000 rw-p 00000000 00:00 0 
7f9189000000-7f9189270000 rwxp 00000000 00:00 0 
7f9189270000-7f918c1f9000 rw-p 00000000 00:00 0 
7f918c1f9000-7f9190000000 ---p 00000000 00:00 0 
7f9190004000-7f9190013000 r--s 000dd000 08:02 131260                     /home/student/Android/Sdk/build-tools/21.1.2/lib/dx.jar
7f9190013000-7f919001e000 rw-p 00000000 00:00 0 
7f919001e000-7f9190066000 rw-p 00000000 00:00 0 
7f9190066000-7f919007a000 rw-p 00000000 00:00 0 
7f919007a000-7f91901bc000 rw-p 00000000 00:00 0 
7f91901bc000-7f91901c4000 r-xp 00000000 07:00 23845                      /usr/lib/jvm/java-7-openjdk-amd64/jre/lib/amd64/libzip.so
7f91901c4000-7f91903c3000 ---p 00008000 07:00 23845                      /usr/lib/jvm/java-7-openjdk-amd64/jre/lib/amd64/libzip.so
7f91903c3000-7f91903c4000 r--p 00007000 07:00 23845                      /usr/lib/jvm/java-7-openjdk-amd64/jre/lib/amd64/libzip.so
7f91903c4000-7f91903c5000 rw-p 00008000 07:00 23845                      /usr/lib/jvm/java-7-openjdk-amd64/jre/lib/amd64/libzip.so
7f91903c5000-7f91903d0000 r-xp 00000000 07:00 10107                      /lib/x86_64-linux-gnu/libnss_files-2.19.so
7f91903d0000-7f91905cf000 ---p 0000b000 07:00 10107                      /lib/x86_64-linux-gnu/libnss_files-2.19.so
7f91905cf000-7f91905d0000 r--p 0000a000 07:00 10107                      /lib/x86_64-linux-gnu/libnss_files-2.19.so
7f91905d0000-7f91905d1000 rw-p 0000b000 07:00 10107                      /lib/x86_64-linux-gnu/libnss_files-2.19.so
7f91905d1000-7f91905dc000 r-xp 00000000 07:00 10117                      /lib/x86_64-linux-gnu/libnss_nis-2.19.so
7f91905dc000-7f91907db000 ---p 0000b000 07:00 10117                      /lib/x86_64-linux-gnu/libnss_nis-2.19.so
7f91907db000-7f91907dc000 r--p 0000a000 07:00 10117                      /lib/x86_64-linux-gnu/libnss_nis-2.19.so
7f91907dc000-7f91907dd000 rw-p 0000b000 07:00 10117                      /lib/x86_64-linux-gnu/libnss_nis-2.19.so
7f91907dd000-7f91907f4000 r-xp 00000000 07:00 10101                      /lib/x86_64-linux-gnu/libnsl-2.19.so
7f91907f4000-7f91909f3000 ---p 00017000 07:00 10101                      /lib/x86_64-linux-gnu/libnsl-2.19.so
7f91909f3000-7f91909f4000 r--p 00016000 07:00 10101                      /lib/x86_64-linux-gnu/libnsl-2.19.so
7f91909f4000-7f91909f5000 rw-p 00017000 07:00 10101                      /lib/x86_64-linux-gnu/libnsl-2.19.so
7f91909f5000-7f91909f7000 rw-p 00000000 00:00 0 
7f91909f7000-7f9190a00000 r-xp 00000000 07:00 10103                      /lib/x86_64-linux-gnu/libnss_compat-2.19.so
7f9190a00000-7f9190bff000 ---p 00009000 07:00 10103                      /lib/x86_64-linux-gnu/libnss_compat-2.19.so
7f9190bff000-7f9190c00000 r--p 00008000 07:00 10103                      /lib/x86_64-linux-gnu/libnss_compat-2.19.so
7f9190c00000-7f9190c01000 rw-p 00009000 07:00 10103                      /lib/x86_64-linux-gnu/libnss_compat-2.19.so
7f9190c01000-7f9190c2c000 r-xp 00000000 07:00 23824                      /usr/lib/jvm/java-7-openjdk-amd64/jre/lib/amd64/libjava.so
7f9190c2c000-7f9190e2b000 ---p 0002b000 07:00 23824                      /usr/lib/jvm/java-7-openjdk-amd64/jre/lib/amd64/libjava.so
7f9190e2b000-7f9190e2c000 r--p 0002a000 07:00 23824                      /usr/lib/jvm/java-7-openjdk-amd64/jre/lib/amd64/libjava.so
7f9190e2c000-7f9190e2e000 rw-p 0002b000 07:00 23824                      /usr/lib/jvm/java-7-openjdk-amd64/jre/lib/amd64/libjava.so
7f9190e2e000-7f9190e3e000 r-xp 00000000 07:00 23844                      /usr/lib/jvm/java-7-openjdk-amd64/jre/lib/amd64/libverify.so
7f9190e3e000-7f919103d000 ---p 00010000 07:00 23844                      /usr/lib/jvm/java-7-openjdk-amd64/jre/lib/amd64/libverify.so
7f919103d000-7f919103f000 r--p 0000f000 07:00 23844                      /usr/lib/jvm/java-7-openjdk-amd64/jre/lib/amd64/libverify.so
7f919103f000-7f9191040000 rw-p 00011000 07:00 23844                      /usr/lib/jvm/java-7-openjdk-amd64/jre/lib/amd64/libverify.so
7f9191040000-7f9191047000 r-xp 00000000 07:00 10160                      /lib/x86_64-linux-gnu/librt-2.19.so
7f9191047000-7f9191246000 ---p 00007000 07:00 10160                      /lib/x86_64-linux-gnu/librt-2.19.so
7f9191246000-7f9191247000 r--p 00006000 07:00 10160                      /lib/x86_64-linux-gnu/librt-2.19.so
7f9191247000-7f9191248000 rw-p 00007000 07:00 10160                      /lib/x86_64-linux-gnu/librt-2.19.so
7f9191248000-7f919125e000 r-xp 00000000 07:00 10056                      /lib/x86_64-linux-gnu/libgcc_s.so.1
7f919125e000-7f919145d000 ---p 00016000 07:00 10056                      /lib/x86_64-linux-gnu/libgcc_s.so.1
7f919145d000-7f919145e000 rw-p 00015000 07:00 10056                      /lib/x86_64-linux-gnu/libgcc_s.so.1
7f919145e000-7f9191563000 r-xp 00000000 07:00 10082                      /lib/x86_64-linux-gnu/libm-2.19.so
7f9191563000-7f9191762000 ---p 00105000 07:00 10082                      /lib/x86_64-linux-gnu/libm-2.19.so
7f9191762000-7f9191763000 r--p 00104000 07:00 10082                      /lib/x86_64-linux-gnu/libm-2.19.so
7f9191763000-7f9191764000 rw-p 00105000 07:00 10082                      /lib/x86_64-linux-gnu/libm-2.19.so
7f9191764000-7f919184a000 r-xp 00000000 07:00 51535                      /usr/lib/x86_64-linux-gnu/libstdc++.so.6.0.19
7f919184a000-7f9191a49000 ---p 000e6000 07:00 51535                      /usr/lib/x86_64-linux-gnu/libstdc++.so.6.0.19
7f9191a49000-7f9191a51000 r--p 000e5000 07:00 51535                      /usr/lib/x86_64-linux-gnu/libstdc++.so.6.0.19
7f9191a51000-7f9191a53000 rw-p 000ed000 07:00 51535                      /usr/lib/x86_64-linux-gnu/libstdc++.so.6.0.19
7f9191a53000-7f9191a68000 rw-p 00000000 00:00 0 
7f9191a68000-7f919257e000 r-xp 00000000 07:00 23850                      /usr/lib/jvm/java-7-openjdk-amd64/jre/lib/amd64/server/libjvm.so
7f919257e000-7f919277d000 ---p 00b16000 07:00 23850                      /usr/lib/jvm/java-7-openjdk-amd64/jre/lib/amd64/server/libjvm.so
7f919277d000-7f9192817000 r--p 00b15000 07:00 23850                      /usr/lib/jvm/java-7-openjdk-amd64/jre/lib/amd64/server/libjvm.so
7f9192817000-7f919283a000 rw-p 00baf000 07:00 23850                      /usr/lib/jvm/java-7-openjdk-amd64/jre/lib/amd64/server/libjvm.so
7f919283a000-7f9192868000 rw-p 00000000 00:00 0 
7f9192868000-7f9192880000 r-xp 00000000 07:00 10195                      /lib/x86_64-linux-gnu/libz.so.1.2.8
7f9192880000-7f9192a7f000 ---p 00018000 07:00 10195                      /lib/x86_64-linux-gnu/libz.so.1.2.8
7f9192a7f000-7f9192a80000 r--p 00017000 07:00 10195                      /lib/x86_64-linux-gnu/libz.so.1.2.8
7f9192a80000-7f9192a81000 rw-p 00018000 07:00 10195                      /lib/x86_64-linux-gnu/libz.so.1.2.8
7f9192a81000-7f9192a9a000 r-xp 00000000 07:00 10152                      /lib/x86_64-linux-gnu/libpthread-2.19.so
7f9192a9a000-7f9192c99000 ---p 00019000 07:00 10152                      /lib/x86_64-linux-gnu/libpthread-2.19.so
7f9192c99000-7f9192c9a000 r--p 00018000 07:00 10152                      /lib/x86_64-linux-gnu/libpthread-2.19.so
7f9192c9a000-7f9192c9b000 rw-p 00019000 07:00 10152                      /lib/x86_64-linux-gnu/libpthread-2.19.so
7f9192c9b000-7f9192c9f000 rw-p 00000000 00:00 0 
7f9192c9f000-7f9192ca2000 r-xp 00000000 07:00 10046                      /lib/x86_64-linux-gnu/libdl-2.19.so
7f9192ca2000-7f9192ea1000 ---p 00003000 07:00 10046                      /lib/x86_64-linux-gnu/libdl-2.19.so
7f9192ea1000-7f9192ea2000 r--p 00002000 07:00 10046                      /lib/x86_64-linux-gnu/libdl-2.19.so
7f9192ea2000-7f9192ea3000 rw-p 00003000 07:00 10046                      /lib/x86_64-linux-gnu/libdl-2.19.so
7f9192ea3000-7f919305e000 r-xp 00000000 07:00 10029                      /lib/x86_64-linux-gnu/libc-2.19.so
7f919305e000-7f919325e000 ---p 001bb000 07:00 10029                      /lib/x86_64-linux-gnu/libc-2.19.so
7f919325e000-7f9193262000 r--p 001bb000 07:00 10029                      /lib/x86_64-linux-gnu/libc-2.19.so
7f9193262000-7f9193264000 rw-p 001bf000 07:00 10029                      /lib/x86_64-linux-gnu/libc-2.19.so
7f9193264000-7f9193269000 rw-p 00000000 00:00 0 
7f9193269000-7f9193276000 r-xp 00000000 07:00 23809                      /usr/lib/jvm/java-7-openjdk-amd64/jre/lib/amd64/jli/libjli.so
7f9193276000-7f9193475000 ---p 0000d000 07:00 23809                      /usr/lib/jvm/java-7-openjdk-amd64/jre/lib/amd64/jli/libjli.so
7f9193475000-7f9193476000 r--p 0000c000 07:00 23809                      /usr/lib/jvm/java-7-openjdk-amd64/jre/lib/amd64/jli/libjli.so
7f9193476000-7f9193477000 rw-p 0000d000 07:00 23809                      /usr/lib/jvm/java-7-openjdk-amd64/jre/lib/amd64/jli/libjli.so
7f9193477000-7f919349a000 r-xp 00000000 07:00 10005                      /lib/x86_64-linux-gnu/ld-2.19.so
7f919349a000-7f919349b000 rw-p 00000000 00:00 0 
7f919349b000-7f919349d000 r--s 00012000 07:00 23873                      /usr/lib/jvm/java-7-openjdk-amd64/jre/lib/ext/zipfs.jar
7f919349d000-7f91934a1000 r--s 0003c000 07:00 23872                      /usr/lib/jvm/java-7-openjdk-amd64/jre/lib/ext/sunpkcs11.jar
7f91934a1000-7f91934a5000 r--s 00034000 07:00 23871                      /usr/lib/jvm/java-7-openjdk-amd64/jre/lib/ext/sunjce_provider.jar
7f91934a5000-7f91934a9000 r--s 00085000 07:00 23870                      /usr/lib/jvm/java-7-openjdk-amd64/jre/lib/ext/localedata.jar
7f91934a9000-7f91934ab000 r--s 00006000 07:00 138580                     /usr/share/java/java-atk-wrapper.jar
7f91934ab000-7f91934ae000 r--s 0000f000 07:00 23867                      /usr/lib/jvm/java-7-openjdk-amd64/jre/lib/ext/icedtea-sound.jar
7f91934ae000-7f91934b8000 rw-p 00000000 00:00 0 
7f91934b8000-7f919356e000 rw-p 00000000 00:00 0 
7f919356e000-7f9193571000 ---p 00000000 00:00 0 
7f9193571000-7f9193674000 rw-p 00000000 00:00 0                          [stack:6143]
7f9193674000-7f9193675000 r--s 00002000 07:00 23866                      /usr/lib/jvm/java-7-openjdk-amd64/jre/lib/ext/dnsns.jar
7f9193675000-7f919368d000 rw-p 00000000 00:00 0 
7f919368d000-7f9193695000 rw-s 00000000 00:15 144497                     /tmp/hsperfdata_student/6122
7f9193695000-7f9193696000 rw-p 00000000 00:00 0 
7f9193696000-7f9193697000 ---p 00000000 00:00 0 
7f9193697000-7f9193699000 rw-p 00000000 00:00 0 
7f9193699000-7f919369a000 r--p 00022000 07:00 10005                      /lib/x86_64-linux-gnu/ld-2.19.so
7f919369a000-7f919369b000 rw-p 00023000 07:00 10005                      /lib/x86_64-linux-gnu/ld-2.19.so
7f919369b000-7f919369c000 rw-p 00000000 00:00 0 
7ffff49fc000-7ffff4a1d000 rw-p 00000000 00:00 0                          [stack]
7ffff4b7f000-7ffff4b81000 r-xp 00000000 00:00 0                          [vdso]
ffffffffff600000-ffffffffff601000 r-xp 00000000 00:00 0                  [vsyscall]

VM Arguments:
jvm_args: -Xmx1024M -Dfile.encoding=UTF-8 -Duser.country=US -Duser.language=en -Duser.variant 
java_command: com.android.dx.command.Main --dex --output /home/student/AndroidStudioProjects/PlayMySong/app/build/intermediates/pre-dexed/debug/classes-ce7e752d2d4f6cedfb6699726958370af2115759.jar /home/student/AndroidStudioProjects/PlayMySong/app/build/intermediates/exploded-aar/com.android.support/appcompat-v7/21.0.3/classes.jar
Launcher Type: SUN_STANDARD

Environment Variables:
CLASSPATH=/home/student/android-studio/bin/../lib/bootstrap.jar:/home/student/android-studio/bin/../lib/extensions.jar:/home/student/android-studio/bin/../lib/util.jar:/home/student/android-studio/bin/../lib/jdom.jar:/home/student/android-studio/bin/../lib/log4j.jar:/home/student/android-studio/bin/../lib/trove4j.jar:/home/student/android-studio/bin/../lib/jna.jar:/usr/lib/jvm/java-7-openjdk-amd64/lib/tools.jar
PATH=/usr/local/sbin:/usr/local/bin:/usr/sbin:/usr/bin:/sbin:/bin:/usr/games:/usr/local/games
USERNAME=student
LD_LIBRARY_PATH=/home/student/android-studio/bin:
SHELL=/bin/bash
DISPLAY=:0.0

Signal Handlers:
SIGSEGV: [libjvm.so+0x9495e0], sa_mask[0]=0x7ffbfeff, sa_flags=0x10000004
SIGBUS: [libjvm.so+0x9495e0], sa_mask[0]=0x7ffbfeff, sa_flags=0x10000004
SIGFPE: [libjvm.so+0x7c3410], sa_mask[0]=0x7ffbfeff, sa_flags=0x10000004
SIGPIPE: [libjvm.so+0x7c3410], sa_mask[0]=0x7ffbfeff, sa_flags=0x10000004
SIGXFSZ: [libjvm.so+0x7c3410], sa_mask[0]=0x7ffbfeff, sa_flags=0x10000004
SIGILL: [libjvm.so+0x7c3410], sa_mask[0]=0x7ffbfeff, sa_flags=0x10000004
SIGUSR1: SIG_DFL, sa_mask[0]=0x00000000, sa_flags=0x00000000
SIGUSR2: [libjvm.so+0x7c32b0], sa_mask[0]=0x00000004, sa_flags=0x10000004
SIGHUP: [libjvm.so+0x7c3490], sa_mask[0]=0x7ffbfeff, sa_flags=0x10000004
SIGINT: [libjvm.so+0x7c3490], sa_mask[0]=0x7ffbfeff, sa_flags=0x10000004
SIGTERM: [libjvm.so+0x7c3490], sa_mask[0]=0x7ffbfeff, sa_flags=0x10000004
SIGQUIT: [libjvm.so+0x7c3490], sa_mask[0]=0x7ffbfeff, sa_flags=0x10000004
SIGTRAP: SIG_DFL, sa_mask[0]=0x00000000, sa_flags=0x00000000


---------------  S Y S T E M  ---------------

OS:LinuxMint 17.1 (rebecca)
uname:Linux 3.13.0-37-generic #64-Ubuntu SMP Mon Sep 22 21:28:38 UTC 2014 x86_64
libc:glibc 2.19 NPTL 2.19 
rlimit: STACK 8192k, CORE 0k, NPROC 30616, NOFILE 4096, AS infinity
load average:5.32 2.85 2.07

/proc/meminfo:
MemTotal:        3941808 kB
MemFree:          115560 kB
Buffers:            4460 kB
Cached:           803088 kB
SwapCached:            0 kB
Active:          3011660 kB
Inactive:         655812 kB
Active(anon):    3005696 kB
Inactive(anon):   638588 kB
Active(file):       5964 kB
Inactive(file):    17224 kB
Unevictable:           0 kB
Mlocked:               0 kB
SwapTotal:             0 kB
SwapFree:              0 kB
Dirty:                40 kB
Writeback:             0 kB
AnonPages:       2860436 kB
Mapped:            48072 kB
Shmem:            783848 kB
Slab:              56112 kB
SReclaimable:      27876 kB
SUnreclaim:        28236 kB
KernelStack:        4056 kB
PageTables:        24992 kB
NFS_Unstable:          0 kB
Bounce:                0 kB
WritebackTmp:          0 kB
CommitLimit:     1970904 kB
Committed_AS:    6832300 kB
VmallocTotal:   34359738367 kB
VmallocUsed:      551724 kB
VmallocChunk:   34359177720 kB
HardwareCorrupted:     0 kB
AnonHugePages:   1431552 kB
HugePages_Total:       0
HugePages_Free:        0
HugePages_Rsvd:        0
HugePages_Surp:        0
Hugepagesize:       2048 kB
DirectMap4k:       45288 kB
DirectMap2M:     4042752 kB


CPU:total 4 (4 cores per cpu, 1 threads per core) family 6 model 23 stepping 10, cmov, cx8, fxsr, mmx, sse, sse2, sse3, ssse3, sse4.1, tsc

/proc/cpuinfo:
processor	: 0
vendor_id	: GenuineIntel
cpu family	: 6
model		: 23
model name	: Intel(R) Core(TM)2 Quad CPU    Q9550  @ 2.83GHz
stepping	: 10
microcode	: 0xa07
cpu MHz		: 2830.000
cache size	: 6144 KB
physical id	: 0
siblings	: 4
core id		: 0
cpu cores	: 4
apicid		: 0
initial apicid	: 0
fpu		: yes
fpu_exception	: yes
cpuid level	: 13
wp		: yes
flags		: fpu vme de pse tsc msr pae mce cx8 apic sep mtrr pge mca cmov pat pse36 clflush dts acpi mmx fxsr sse sse2 ss ht tm pbe syscall nx lm constant_tsc arch_perfmon pebs bts rep_good nopl aperfmperf pni dtes64 monitor ds_cpl vmx smx est tm2 ssse3 cx16 xtpr pdcm sse4_1 xsave lahf_lm dtherm tpr_shadow vnmi flexpriority
bogomips	: 5665.73
clflush size	: 64
cache_alignment	: 64
address sizes	: 36 bits physical, 48 bits virtual
power management:

processor	: 1
vendor_id	: GenuineIntel
cpu family	: 6
model		: 23
model name	: Intel(R) Core(TM)2 Quad CPU    Q9550  @ 2.83GHz
stepping	: 10
microcode	: 0xa07
cpu MHz		: 1998.000
cache size	: 6144 KB
physical id	: 0
siblings	: 4
core id		: 1
cpu cores	: 4
apicid		: 1
initial apicid	: 1
fpu		: yes
fpu_exception	: yes
cpuid level	: 13
wp		: yes
flags		: fpu vme de pse tsc msr pae mce cx8 apic sep mtrr pge mca cmov pat pse36 clflush dts acpi mmx fxsr sse sse2 ss ht tm pbe syscall nx lm constant_tsc arch_perfmon pebs bts rep_good nopl aperfmperf pni dtes64 monitor ds_cpl vmx smx est tm2 ssse3 cx16 xtpr pdcm sse4_1 xsave lahf_lm dtherm tpr_shadow vnmi flexpriority
bogomips	: 5665.73
clflush size	: 64
cache_alignment	: 64
address sizes	: 36 bits physical, 48 bits virtual
power management:

processor	: 2
vendor_id	: GenuineIntel
cpu family	: 6
model		: 23
model name	: Intel(R) Core(TM)2 Quad CPU    Q9550  @ 2.83GHz
stepping	: 10
microcode	: 0xa07
cpu MHz		: 1998.000
cache size	: 6144 KB
physical id	: 0
siblings	: 4
core id		: 2
cpu cores	: 4
apicid		: 2
initial apicid	: 2
fpu		: yes
fpu_exception	: yes
cpuid level	: 13
wp		: yes
flags		: fpu vme de pse tsc msr pae mce cx8 apic sep mtrr pge mca cmov pat pse36 clflush dts acpi mmx fxsr sse sse2 ss ht tm pbe syscall nx lm constant_tsc arch_perfmon pebs bts rep_good nopl aperfmperf pni dtes64 monitor ds_cpl vmx smx est tm2 ssse3 cx16 xtpr pdcm sse4_1 xsave lahf_lm dtherm tpr_shadow vnmi flexpriority
bogomips	: 5665.73
clflush size	: 64
cache_alignment	: 64
address sizes	: 36 bits physical, 48 bits virtual
power management:

processor	: 3
vendor_id	: GenuineIntel
cpu family	: 6
model		: 23
model name	: Intel(R) Core(TM)2 Quad CPU    Q9550  @ 2.83GHz
stepping	: 10
microcode	: 0xa07
cpu MHz		: 2830.000
cache size	: 6144 KB
physical id	: 0
siblings	: 4
core id		: 3
cpu cores	: 4
apicid		: 3
initial apicid	: 3
fpu		: yes
fpu_exception	: yes
cpuid level	: 13
wp		: yes
flags		: fpu vme de pse tsc msr pae mce cx8 apic sep mtrr pge mca cmov pat pse36 clflush dts acpi mmx fxsr sse sse2 ss ht tm pbe syscall nx lm constant_tsc arch_perfmon pebs bts rep_good nopl aperfmperf pni dtes64 monitor ds_cpl vmx smx est tm2 ssse3 cx16 xtpr pdcm sse4_1 xsave lahf_lm dtherm tpr_shadow vnmi flexpriority
bogomips	: 5665.73
clflush size	: 64
cache_alignment	: 64
address sizes	: 36 bits physical, 48 bits virtual
power management:



Memory: 4k page, physical 3941808k(115560k free), swap 0k(0k free)

vm_info: OpenJDK 64-Bit Server VM (24.65-b04) for linux-amd64 JRE (1.7.0_65-b32), built on Oct 22 2014 04:37:44 by "buildd" with gcc 4.8.2

time: Fri Mar 20 12:09:41 2015
elapsed time: 16 seconds

